2025-09-15 13:20:28,966 INFO RPC interface 'supervisor' initialized
2025-09-15 13:20:28,967 CRIT Server 'unix_http_server' running without any HTTP authentication checking
2025-09-15 13:20:28,970 INFO daemonizing the supervisord process
2025-09-15 13:20:28,971 INFO supervisord started with pid 373317
2025-09-15 13:20:29,976 INFO spawned: 'webserver' with pid 373320
2025-09-15 13:20:30,077 WARN exited: webserver (exit status 1; not expected)
2025-09-15 13:20:31,081 INFO spawned: 'webserver' with pid 373323
2025-09-15 13:20:31,181 WARN exited: webserver (exit status 1; not expected)
2025-09-15 13:20:33,739 INFO spawned: 'webserver' with pid 373331
2025-09-15 13:20:33,838 WARN exited: webserver (exit status 1; not expected)
2025-09-15 13:20:36,844 INFO spawned: 'webserver' with pid 373340
2025-09-15 13:20:36,932 WARN exited: webserver (exit status 1; not expected)
2025-09-15 13:20:37,934 INFO gave up: webserver entered FATAL state, too many start retries too quickly
2025-09-15 13:20:40,978 INFO spawned: 'webserver' with pid 373354
2025-09-15 13:20:42,057 INFO success: webserver entered RUNNING state, process has stayed up for > than 1 seconds (startsecs)
2025-09-15 13:33:26,553 INFO waiting for webserver to stop
2025-09-15 13:33:26,554 WARN stopped: webserver (terminated by SIGTERM)
2025-09-15 13:33:52,371 INFO spawned: 'webserver' with pid 375306
2025-09-15 13:33:53,455 INFO success: webserver entered RUNNING state, process has stayed up for > than 1 seconds (startsecs)
2025-09-15 14:01:09,564 INFO waiting for webserver to stop
2025-09-15 14:01:09,566 WARN stopped: webserver (terminated by SIGTERM)
2025-09-15 14:01:09,571 INFO spawned: 'webserver' with pid 378741
2025-09-15 14:01:10,666 INFO success: webserver entered RUNNING state, process has stayed up for > than 1 seconds (startsecs)
2025-09-15 14:02:11,841 INFO waiting for webserver to stop
2025-09-15 14:02:11,843 WARN stopped: webserver (terminated by SIGTERM)
2025-09-15 14:02:11,848 INFO spawned: 'webserver' with pid 378876
2025-09-15 14:02:11,954 WARN exited: webserver (exit status 1; not expected)
2025-09-15 14:02:12,959 INFO spawned: 'webserver' with pid 378880
2025-09-15 14:02:13,061 WARN exited: webserver (exit status 1; not expected)
2025-09-15 14:02:15,069 INFO spawned: 'webserver' with pid 378885
2025-09-15 14:02:15,212 WARN exited: webserver (exit status 1; not expected)
2025-09-15 14:02:18,218 INFO spawned: 'webserver' with pid 378892
2025-09-15 14:02:18,355 WARN exited: webserver (exit status 1; not expected)
2025-09-15 14:02:19,357 INFO gave up: webserver entered FATAL state, too many start retries too quickly
2025-09-15 14:02:26,591 INFO spawned: 'webserver' with pid 378916
2025-09-15 14:02:26,699 WARN exited: webserver (exit status 1; not expected)
2025-09-15 14:02:27,703 INFO spawned: 'webserver' with pid 378919
2025-09-15 14:02:27,817 WARN exited: webserver (exit status 1; not expected)
2025-09-15 14:02:29,824 INFO spawned: 'webserver' with pid 378924
2025-09-15 14:02:29,937 WARN exited: webserver (exit status 1; not expected)
2025-09-15 14:02:32,943 INFO spawned: 'webserver' with pid 378931
2025-09-15 14:02:33,046 WARN exited: webserver (exit status 1; not expected)
2025-09-15 14:02:34,047 INFO gave up: webserver entered FATAL state, too many start retries too quickly
2025-09-15 14:13:28,492 WARN received SIGTERM indicating exit request
2025-09-15 14:13:29,401 INFO RPC interface 'supervisor' initialized
2025-09-15 14:13:29,401 CRIT Server 'unix_http_server' running without any HTTP authentication checking
2025-09-15 14:13:29,403 INFO daemonizing the supervisord process
2025-09-15 14:13:29,404 INFO supervisord started with pid 380386
2025-09-15 14:13:30,408 INFO spawned: 'webserver' with pid 380389
2025-09-15 14:13:30,533 WARN exited: webserver (exit status 1; not expected)
2025-09-15 14:13:31,537 INFO spawned: 'webserver' with pid 380392
2025-09-15 14:13:31,624 WARN exited: webserver (exit status 1; not expected)
2025-09-15 14:13:33,629 INFO spawned: 'webserver' with pid 380397
2025-09-15 14:13:33,713 WARN exited: webserver (exit status 1; not expected)
2025-09-15 14:13:37,198 INFO spawned: 'webserver' with pid 380406
2025-09-15 14:13:37,291 WARN exited: webserver (exit status 1; not expected)
2025-09-15 14:13:38,293 INFO gave up: webserver entered FATAL state, too many start retries too quickly
2025-09-15 14:13:50,900 INFO spawned: 'webserver' with pid 380575
2025-09-15 14:13:50,995 WARN exited: webserver (exit status 1; not expected)
2025-09-15 14:13:51,998 INFO spawned: 'webserver' with pid 380579
2025-09-15 14:13:52,145 WARN exited: webserver (exit status 1; not expected)
2025-09-15 14:13:54,152 INFO spawned: 'webserver' with pid 380584
2025-09-15 14:13:54,257 WARN exited: webserver (exit status 1; not expected)
2025-09-15 14:13:57,264 INFO spawned: 'webserver' with pid 380595
2025-09-15 14:13:57,358 WARN exited: webserver (exit status 1; not expected)
2025-09-15 14:13:58,360 INFO gave up: webserver entered FATAL state, too many start retries too quickly
2025-09-15 14:17:02,624 WARN received SIGTERM indicating exit request
