2025-09-12 16:45:17 +00:00: 
2025-09-12 16:45:17 +00:00: > vida-smart-coach@0.0.0 dev
2025-09-12 16:45:17 +00:00: > vite
2025-09-12 16:45:17 +00:00: 
2025-09-12 16:45:18 +00:00: Re-optimizing dependencies because lockfile has changed
2025-09-12 16:45:18 +00:00: 
2025-09-12 16:45:18 +00:00:   VITE v5.4.20  ready in 1033 ms
2025-09-12 16:45:18 +00:00: 
2025-09-12 16:45:18 +00:00:   ➜  Local:   http://localhost:5173/
2025-09-12 16:45:18 +00:00:   ➜  Network: use --host to expose
2025-09-12 16:46:17 +00:00: 4:46:17 PM [vite] hmr update /src/contexts/data/AdminContext.jsx, /src/index.css
2025-09-12 16:46:24 +00:00: 4:46:24 PM [vite] hmr update /src/contexts/data/ChatContext.jsx, /src/index.css
2025-09-12 16:46:27 +00:00: 4:46:27 PM [vite] hmr update /src/contexts/data/ClientContext.jsx, /src/index.css
2025-09-12 16:46:30 +00:00: 4:46:30 PM [vite] hmr update /src/contexts/data/CommunityContext.jsx, /src/index.css
2025-09-12 16:46:32 +00:00: 4:46:32 PM [vite] hmr update /src/contexts/data/IntegrationsContext.jsx, /src/index.css
2025-09-12 16:46:35 +00:00: 4:46:35 PM [vite] hmr update /src/contexts/data/PartnerContext.jsx, /src/index.css
2025-09-12 16:46:38 +00:00: 4:46:38 PM [vite] page reload src/contexts/data/ProfileContext.jsx
2025-09-12 16:46:42 +00:00: 
2025-09-12 16:46:42 +00:00: > vida-smart-coach@0.0.0 dev
2025-09-12 16:46:42 +00:00: > vite
2025-09-12 16:46:42 +00:00: 
2025-09-12 16:46:43 +00:00: 
2025-09-12 16:46:43 +00:00:   VITE v5.4.20  ready in 1244 ms
2025-09-12 16:46:43 +00:00: 
2025-09-12 16:46:43 +00:00:   ➜  Local:   http://localhost:5173/
2025-09-12 16:46:43 +00:00:   ➜  Network: use --host to expose
2025-09-12 16:47:07 +00:00: 4:47:07 PM [vite] hmr update /src/contexts/DataContext.jsx, /src/index.css
2025-09-12 17:49:15 +00:00: 
2025-09-12 17:49:15 +00:00: > vida-smart-coach@0.0.0 dev
2025-09-12 17:49:15 +00:00: > vite
2025-09-12 17:49:15 +00:00: 
2025-09-12 17:49:15 +00:00: 
2025-09-12 17:49:15 +00:00:   VITE v5.4.20  ready in 674 ms
2025-09-12 17:49:15 +00:00: 
2025-09-12 17:49:15 +00:00:   ➜  Local:   http://localhost:5173/
2025-09-12 17:49:15 +00:00:   ➜  Network: use --host to expose
2025-09-12 18:23:59 +00:00: 6:23:59 PM [vite] page reload src/main.tsx
2025-09-12 18:24:12 +00:00: 6:24:12 PM [vite] hmr update /src/App.tsx
2025-09-12 18:24:26 +00:00: 
2025-09-12 18:24:26 +00:00: > vida-smart-coach@0.0.0 dev
2025-09-12 18:24:26 +00:00: > vite
2025-09-12 18:24:26 +00:00: 
2025-09-12 18:24:27 +00:00: 
2025-09-12 18:24:27 +00:00:   VITE v5.4.20  ready in 722 ms
2025-09-12 18:24:27 +00:00: 
2025-09-12 18:24:27 +00:00:   ➜  Local:   http://localhost:5173/
2025-09-12 18:24:27 +00:00:   ➜  Network: use --host to expose
2025-09-12 18:24:55 +00:00: 6:24:55 PM [vite] hmr update /src/components/auth/AuthProvider.tsx
2025-09-12 18:25:02 +00:00: 
2025-09-12 18:25:02 +00:00: > vida-smart-coach@0.0.0 dev
2025-09-12 18:25:02 +00:00: > vite
2025-09-12 18:25:02 +00:00: 
2025-09-12 18:25:02 +00:00: 
2025-09-12 18:25:02 +00:00:   VITE v5.4.20  ready in 617 ms
2025-09-12 18:25:02 +00:00: 
2025-09-12 18:25:02 +00:00:   ➜  Local:   http://localhost:5173/
2025-09-12 18:25:02 +00:00:   ➜  Network: use --host to expose
2025-09-12 18:25:37 +00:00: 6:25:37 PM [vite] hmr update /src/components/auth/AuthProvider.tsx
2025-09-12 18:25:41 +00:00: 6:25:41 PM [vite] hmr update /src/components/auth/AuthProvider.tsx
2025-09-12 18:25:45 +00:00: 6:25:45 PM [vite] hmr update /src/components/auth/AuthProvider.tsx
2025-09-12 18:25:56 +00:00: 
2025-09-12 18:25:56 +00:00: > vida-smart-coach@0.0.0 dev
2025-09-12 18:25:56 +00:00: > vite
2025-09-12 18:25:56 +00:00: 
2025-09-12 18:25:57 +00:00: 
2025-09-12 18:25:57 +00:00:   VITE v5.4.20  ready in 568 ms
2025-09-12 18:25:57 +00:00: 
2025-09-12 18:25:57 +00:00:   ➜  Local:   http://localhost:5173/
2025-09-12 18:25:57 +00:00:   ➜  Network: use --host to expose
